<?xml version="1.0" encoding="UTF-8"?>
<!-- Generated by org.testng.reporters.JUnitReportReporter -->
<testsuite hostname="lenovo-PC" failures="0" tests="1" name="org.sder40.practice.AssertionPractice2" time="0.020" errors="0" timestamp="2022-09-16T19:51:56 IST" skipped="0">
  <testcase classname="org.sder40.practice.AssertionPractice2" name="test1" time="0.020"/>
  <system-out>
    <![CDATA[test1
Test 11
Test 12]]>
  </system-out>
</testsuite> <!-- org.sder40.practice.AssertionPractice2 -->
