<?xml version="1.0" encoding="UTF-8"?>
<!-- Generated by org.testng.reporters.JUnitReportReporter -->
<testsuite hostname="lenovo-PC" failures="0" tests="1" name="AutomationTestCases.AutomationTestCase3" time="110.368" errors="0" timestamp="2022-09-14T14:59:27 IST" skipped="0">
  <testcase classname="AutomationTestCases.AutomationTestCase3" name="testCase3Test" time="110.368"/>
  <system-out/>
</testsuite> <!-- AutomationTestCases.AutomationTestCase3 -->
