<?xml version="1.0" encoding="UTF-8"?>
<!-- Generated by org.testng.reporters.JUnitReportReporter -->
<testsuite hostname="lenovo-PC" failures="0" tests="1" name="AutomationTestCases.AutomationTestCase1" time="132.619" errors="0" timestamp="2022-09-14T14:59:27 IST" skipped="0">
  <testcase classname="AutomationTestCases.AutomationTestCase1" name="TestCase1Test" time="132.619"/>
  <system-out/>
</testsuite> <!-- AutomationTestCases.AutomationTestCase1 -->
