<?xml version="1.0" encoding="UTF-8"?>
<!-- Generated by org.testng.reporters.JUnitReportReporter -->
<testsuite hostname="lenovo-PC" failures="0" tests="1" name="AutomationTestCases.AutomationTestCase1_ClickRestaurantOrderTheFood" time="22.716" errors="0" timestamp="2022-09-20T12:14:23 IST" skipped="0">
  <testcase classname="AutomationTestCases.AutomationTestCase1_ClickRestaurantOrderTheFood" name="TestCase1Test" time="22.716"/>
  <system-out/>
</testsuite> <!-- AutomationTestCases.AutomationTestCase1_ClickRestaurantOrderTheFood -->
