<?xml version="1.0" encoding="UTF-8"?>
<!-- Generated by org.testng.reporters.JUnitReportReporter -->
<testsuite hostname="lenovo-PC" failures="0" tests="1" name="org.sder40.practice.MavenPractice1" time="15.799" errors="0" timestamp="2022-09-20T13:06:03 IST" skipped="0">
  <testcase classname="org.sder40.practice.MavenPractice1" name="step1Test" time="15.799"/>
  <system-out/>
</testsuite> <!-- org.sder40.practice.MavenPractice1 -->
