<?xml version="1.0" encoding="UTF-8"?>
<!-- Generated by org.testng.reporters.JUnitReportReporter -->
<testsuite hostname="lenovo-PC" failures="0" tests="8" name="org.sder40.practice.TestNGPractice" time="0.023" errors="0" timestamp="2022-09-09T12:30:50 IST" skipped="0">
  <testcase classname="org.sder40.practice.TestNGPractice" name="AfterMethod" time="0.014"/>
  <system-out>
    <![CDATA[Browser launched]]>
  </system-out>
  <testcase classname="org.sder40.practice.TestNGPractice" name="beforeClass" time="0.001"/>
  <system-out/>
  <testcase classname="org.sder40.practice.TestNGPractice" name="afterTest" time="0.001"/>
  <system-out/>
  <testcase classname="org.sder40.practice.TestNGPractice" name="afterSuits" time="0.001"/>
  <system-out/>
  <testcase classname="org.sder40.practice.TestNGPractice" name="beforeMethod" time="0.002"/>
  <system-out>
    <![CDATA[Browser Opened]]>
  </system-out>
  <testcase classname="org.sder40.practice.TestNGPractice" name="afterClass" time="0.001"/>
  <system-out/>
  <testcase classname="org.sder40.practice.TestNGPractice" name="beforeSuits" time="0.001"/>
  <system-out/>
  <testcase classname="org.sder40.practice.TestNGPractice" name="beforeTest" time="0.002"/>
  <system-out/>
</testsuite> <!-- org.sder40.practice.TestNGPractice -->
