<?xml version="1.0" encoding="UTF-8"?>
<!-- Generated by org.testng.reporters.JUnitReportReporter -->
<testsuite hostname="lenovo-PC" failures="0" tests="2" name="org.sder40.practice.AssertionPractice" time="0.024" errors="0" timestamp="2022-09-15T12:59:55 IST" skipped="0">
  <testcase classname="org.sder40.practice.AssertionPractice" name="test1" time="0.022"/>
  <system-out>
    <![CDATA[test 1
test 11
Hi]]>
  </system-out>
  <testcase classname="org.sder40.practice.AssertionPractice" name="test2" time="0.002"/>
  <system-out>
    <![CDATA[Test 2]]>
  </system-out>
</testsuite> <!-- org.sder40.practice.AssertionPractice -->
