<?xml version="1.0" encoding="UTF-8"?>
<!-- Generated by org.testng.reporters.JUnitReportReporter -->
<testsuite hostname="lenovo-PC" failures="0" tests="1" name="AutomationTestCases.AutomationTestCase2_CreateNewUserAndDeleteUserInAdminPortal" time="164.664" errors="0" timestamp="2022-09-19T17:20:35 IST" skipped="0">
  <testcase classname="AutomationTestCases.AutomationTestCase2_CreateNewUserAndDeleteUserInAdminPortal" name="testcase2Test" time="164.664"/>
  <system-out/>
</testsuite> <!-- AutomationTestCases.AutomationTestCase2_CreateNewUserAndDeleteUserInAdminPortal -->
