<?xml version="1.0" encoding="UTF-8"?>
<!-- Generated by org.testng.reporters.JUnitReportReporter -->
<testsuite hostname="lenovo-PC" failures="0" tests="1" name="org.sder40.practice.TestCase2" time="18.072" errors="0" timestamp="2022-09-20T12:19:04 IST" skipped="0">
  <testcase classname="org.sder40.practice.TestCase2" name="TestCase2Test" time="18.072"/>
  <system-out/>
</testsuite> <!-- org.sder40.practice.TestCase2 -->
