<?xml version="1.0" encoding="UTF-8"?>
<!-- Generated by org.testng.reporters.JUnitReportReporter -->
<testsuite hostname="lenovo-PC" failures="0" tests="2" name="AutomationTestCases.AutomationTestCase4EditcategoryfromAdminporatl" time="164.386" errors="0" timestamp="2022-09-19T17:20:35 IST" skipped="1">
  <testcase classname="AutomationTestCases.AutomationTestCase4EditcategoryfromAdminporatl" name="testCase4Test" time="69.252">
    <skipped/>
  </testcase> <!-- testCase4Test -->
  <system-out/>
  <testcase classname="AutomationTestCases.AutomationTestCase4EditcategoryfromAdminporatl" name="testCase4Test" time="95.134"/>
  <system-out/>
</testsuite> <!-- AutomationTestCases.AutomationTestCase4EditcategoryfromAdminporatl -->
