<?xml version="1.0" encoding="UTF-8"?>
<!-- Generated by org.testng.reporters.JUnitReportReporter -->
<testsuite hostname="lenovo-PC" failures="0" tests="1" name="org.sder40.practice.cmdPractice" time="0.016" errors="0" timestamp="2022-09-19T15:46:12 IST" skipped="0">
  <testcase classname="org.sder40.practice.cmdPractice" name="cmdpractice" time="0.016"/>
  <system-out/>
</testsuite> <!-- org.sder40.practice.cmdPractice -->
